;  LST file generated by mikroListExporter - v.2.0 
; Date/Time: 13.12.2020 15:34:11
;----------------------------------------------

;Address Opcode 	ASM
0x0000	0xF000EFDF  	GOTO        446
_interrupt:
;LINKALICIIki.c,14 :: 		void interrupt()
0x0008	0xF015C000  	MOVFF       R0, 21
;LINKALICIIki.c,16 :: 		if(INTCON.TMR0IF){
0x000C	0xA4F2      	BTFSS       INTCON, 2 
0x000E	0xD002      	BRA         L_interrupt1
;LINKALICIIki.c,17 :: 		timer_routin();
0x0010	0xD88A      	RCALL       _timer_routin
;LINKALICIIki.c,18 :: 		INTCON.TMR0IF=0;
0x0012	0x94F2      	BCF         INTCON, 2 
;LINKALICIIki.c,19 :: 		}
L_interrupt1:
;LINKALICIIki.c,20 :: 		if(INTCON.INT0IF){
0x0014	0xA2F2      	BTFSS       INTCON, 1 
0x0016	0xD05C      	BRA         L_interrupt2
;LINKALICIIki.c,22 :: 		xr=count;
0x0018	0xF049C04D  	MOVFF       _count, _xr
0x001C	0xF04AC04E  	MOVFF       _count+1, _xr+1
;LINKALICIIki.c,23 :: 		count=0;
0x0020	0x6A4D      	CLRF        _count 
0x0022	0x6A4E      	CLRF        _count+1 
;LINKALICIIki.c,24 :: 		TMR0L=0;
0x0024	0x6AD6      	CLRF        TMR0L 
;LINKALICIIki.c,25 :: 		if(i<0){ i=7; }
0x0026	0x0E80      	MOVLW       128
0x0028	0x184C      	XORWF       _i+1, 0 
0x002A	0x6E00      	MOVWF       R0 
0x002C	0x0E80      	MOVLW       128
0x002E	0x5C00      	SUBWF       R0, 0 
0x0030	0xE102      	BNZ         L__interrupt33
0x0032	0x0E00      	MOVLW       0
0x0034	0x5C4B      	SUBWF       _i, 0 
L__interrupt33:
0x0036	0xE204      	BC          L_interrupt3
0x0038	0x0E07      	MOVLW       7
0x003A	0x6E4B      	MOVWF       _i 
0x003C	0x0E00      	MOVLW       0
0x003E	0x6E4C      	MOVWF       _i+1 
L_interrupt3:
;LINKALICIIki.c,26 :: 		if(xr==3){ // you may use if(xr==3||xr==4||xr==2){...}
0x0040	0x0E00      	MOVLW       0
0x0042	0x184A      	XORWF       _xr+1, 0 
0x0044	0xE102      	BNZ         L__interrupt34
0x0046	0x0E03      	MOVLW       3
0x0048	0x1849      	XORWF       _xr, 0 
L__interrupt34:
0x004A	0xE11A      	BNZ         L_interrupt4
;LINKALICIIki.c,27 :: 		val[i]='0';
0x004C	0x0E36      	MOVLW       _val
0x004E	0x244B      	ADDWF       _i, 0 
0x0050	0x6EE1      	MOVWF       FSR1L 
0x0052	0x0E00      	MOVLW       hi_addr(_val)
0x0054	0x204C      	ADDWFC      _i+1, 0 
0x0056	0x6EE2      	MOVWF       FSR1L+1 
0x0058	0x0E30      	MOVLW       48
0x005A	0x6EE6      	MOVWF       POSTINC1 
;LINKALICIIki.c,28 :: 		i--;
0x005C	0x0E01      	MOVLW       1
0x005E	0x5E4B      	SUBWF       _i, 1 
0x0060	0x0E00      	MOVLW       0
0x0062	0x5A4C      	SUBWFB      _i+1, 1 
;LINKALICIIki.c,29 :: 		if(i<0){ i=7; }
0x0064	0x0E80      	MOVLW       128
0x0066	0x184C      	XORWF       _i+1, 0 
0x0068	0x6E00      	MOVWF       R0 
0x006A	0x0E80      	MOVLW       128
0x006C	0x5C00      	SUBWF       R0, 0 
0x006E	0xE102      	BNZ         L__interrupt35
0x0070	0x0E00      	MOVLW       0
0x0072	0x5C4B      	SUBWF       _i, 0 
L__interrupt35:
0x0074	0xE204      	BC          L_interrupt5
0x0076	0x0E07      	MOVLW       7
0x0078	0x6E4B      	MOVWF       _i 
0x007A	0x0E00      	MOVLW       0
0x007C	0x6E4C      	MOVWF       _i+1 
L_interrupt5:
;LINKALICIIki.c,30 :: 		}
0x007E	0xD027      	BRA         L_interrupt6
L_interrupt4:
;LINKALICIIki.c,31 :: 		else if(xr==6){  // you may use if(xr==5||xr==6||xr==7){...}
0x0080	0x0E00      	MOVLW       0
0x0082	0x184A      	XORWF       _xr+1, 0 
0x0084	0xE102      	BNZ         L__interrupt36
0x0086	0x0E06      	MOVLW       6
0x0088	0x1849      	XORWF       _xr, 0 
L__interrupt36:
0x008A	0xE11A      	BNZ         L_interrupt7
;LINKALICIIki.c,32 :: 		val[i]='1';
0x008C	0x0E36      	MOVLW       _val
0x008E	0x244B      	ADDWF       _i, 0 
0x0090	0x6EE1      	MOVWF       FSR1L 
0x0092	0x0E00      	MOVLW       hi_addr(_val)
0x0094	0x204C      	ADDWFC      _i+1, 0 
0x0096	0x6EE2      	MOVWF       FSR1L+1 
0x0098	0x0E31      	MOVLW       49
0x009A	0x6EE6      	MOVWF       POSTINC1 
;LINKALICIIki.c,33 :: 		i--;
0x009C	0x0E01      	MOVLW       1
0x009E	0x5E4B      	SUBWF       _i, 1 
0x00A0	0x0E00      	MOVLW       0
0x00A2	0x5A4C      	SUBWFB      _i+1, 1 
;LINKALICIIki.c,34 :: 		if(i<0){ i=7; }
0x00A4	0x0E80      	MOVLW       128
0x00A6	0x184C      	XORWF       _i+1, 0 
0x00A8	0x6E00      	MOVWF       R0 
0x00AA	0x0E80      	MOVLW       128
0x00AC	0x5C00      	SUBWF       R0, 0 
0x00AE	0xE102      	BNZ         L__interrupt37
0x00B0	0x0E00      	MOVLW       0
0x00B2	0x5C4B      	SUBWF       _i, 0 
L__interrupt37:
0x00B4	0xE204      	BC          L_interrupt8
0x00B6	0x0E07      	MOVLW       7
0x00B8	0x6E4B      	MOVWF       _i 
0x00BA	0x0E00      	MOVLW       0
0x00BC	0x6E4C      	MOVWF       _i+1 
L_interrupt8:
;LINKALICIIki.c,35 :: 		}
0x00BE	0xD007      	BRA         L_interrupt9
L_interrupt7:
;LINKALICIIki.c,38 :: 		TMR0L=0;
0x00C0	0x6AD6      	CLRF        TMR0L 
;LINKALICIIki.c,39 :: 		i=7;
0x00C2	0x0E07      	MOVLW       7
0x00C4	0x6E4B      	MOVWF       _i 
0x00C6	0x0E00      	MOVLW       0
0x00C8	0x6E4C      	MOVWF       _i+1 
;LINKALICIIki.c,40 :: 		count=0;
0x00CA	0x6A4D      	CLRF        _count 
0x00CC	0x6A4E      	CLRF        _count+1 
;LINKALICIIki.c,41 :: 		}
L_interrupt9:
L_interrupt6:
;LINKALICIIki.c,42 :: 		INTCON.INT0IF=0;
0x00CE	0x92F2      	BCF         INTCON, 1 
;LINKALICIIki.c,43 :: 		}
L_interrupt2:
;LINKALICIIki.c,44 :: 		}
L_end_interrupt:
L__interrupt32:
0x00D0	0xF000C015  	MOVFF       21, R0
0x00D4	0x0011      	RETFIE      1
; end of _interrupt
_Mul_16X16_U:
;__Lib_Math.c,440 :: 		
;__Lib_Math.c,447 :: 		
0x00D6	0x6A0B      	CLRF        R11, 0
;__Lib_Math.c,448 :: 		
0x00D8	0x6A0A      	CLRF        R10, 0
;__Lib_Math.c,449 :: 		
0x00DA	0x6A09      	CLRF        R9, 0
;__Lib_Math.c,450 :: 		
0x00DC	0x5000      	MOVF        R0, 0, 0
;__Lib_Math.c,451 :: 		
0x00DE	0x0204      	MULWF       R4, 0
;__Lib_Math.c,453 :: 		
0x00E0	0xF009CFF4  	MOVFF       PRODH, R9
;__Lib_Math.c,454 :: 		
0x00E4	0xF008CFF3  	MOVFF       PRODL, R8
;__Lib_Math.c,455 :: 		
0x00E8	0x5001      	MOVF        R1, 0, 0
;__Lib_Math.c,456 :: 		
0x00EA	0x0205      	MULWF       R5, 0
;__Lib_Math.c,458 :: 		
0x00EC	0xF00BCFF4  	MOVFF       PRODH, R11
;__Lib_Math.c,459 :: 		
0x00F0	0xF00ACFF3  	MOVFF       PRODL, R10
;__Lib_Math.c,460 :: 		
0x00F4	0x5000      	MOVF        R0, 0, 0
;__Lib_Math.c,461 :: 		
0x00F6	0x0205      	MULWF       R5, 0
;__Lib_Math.c,463 :: 		
0x00F8	0x50F3      	MOVF        PRODL, 0, 0
;__Lib_Math.c,464 :: 		
0x00FA	0x2609      	ADDWF       R9, 1, 0
;__Lib_Math.c,465 :: 		
0x00FC	0x50F4      	MOVF        PRODH, 0, 0
;__Lib_Math.c,466 :: 		
0x00FE	0x220A      	ADDWFC      R10, 1, 0
;__Lib_Math.c,467 :: 		
0x0100	0x6AE8      	CLRF        WREG, 0
;__Lib_Math.c,468 :: 		
0x0102	0x220B      	ADDWFC      R11, 1, 0
;__Lib_Math.c,469 :: 		
0x0104	0x5001      	MOVF        R1, 0, 0
;__Lib_Math.c,470 :: 		
0x0106	0x0204      	MULWF       R4, 0
;__Lib_Math.c,472 :: 		
0x0108	0x50F3      	MOVF        PRODL, 0, 0
;__Lib_Math.c,473 :: 		
0x010A	0x2609      	ADDWF       R9, 1, 0
;__Lib_Math.c,474 :: 		
0x010C	0x50F4      	MOVF        PRODH, 0, 0
;__Lib_Math.c,475 :: 		
0x010E	0x220A      	ADDWFC      R10, 1, 0
;__Lib_Math.c,476 :: 		
0x0110	0x6AE8      	CLRF        WREG, 0
;__Lib_Math.c,477 :: 		
0x0112	0x220B      	ADDWFC      R11, 1, 0
;__Lib_Math.c,479 :: 		
0x0114	0xF000C008  	MOVFF       R8, R0
;__Lib_Math.c,480 :: 		
0x0118	0xF001C009  	MOVFF       R9, R1
;__Lib_Math.c,481 :: 		
0x011C	0xF002C00A  	MOVFF       R10, R2
;__Lib_Math.c,482 :: 		
0x0120	0xF003C00B  	MOVFF       R11, R3
;__Lib_Math.c,485 :: 		
L_end_Mul_16X16_U:
0x0124	0x0012      	RETURN      0
; end of _Mul_16X16_U
_timer_routin:
;LINKALICIIki.c,6 :: 		void timer_routin(){
;LINKALICIIki.c,7 :: 		count++;
0x0126	0x4A4D      	INFSNZ      _count, 1 
0x0128	0x2A4E      	INCF        _count+1, 1 
;LINKALICIIki.c,8 :: 		if(count>0xFF){
0x012A	0x0E00      	MOVLW       0
0x012C	0x6E00      	MOVWF       R0 
0x012E	0x504E      	MOVF        _count+1, 0 
0x0130	0x5C00      	SUBWF       R0, 0 
0x0132	0xE102      	BNZ         L__timer_routin30
0x0134	0x504D      	MOVF        _count, 0 
0x0136	0x08FF      	SUBLW       255
L__timer_routin30:
0x0138	0xE203      	BC          L_timer_routin0
;LINKALICIIki.c,9 :: 		count=0;
0x013A	0x6A4D      	CLRF        _count 
0x013C	0x6A4E      	CLRF        _count+1 
;LINKALICIIki.c,10 :: 		TMR0L=0;
0x013E	0x6AD6      	CLRF        TMR0L 
;LINKALICIIki.c,11 :: 		}
L_timer_routin0:
;LINKALICIIki.c,12 :: 		}
L_end_timer_routin:
0x0140	0x0012      	RETURN      0
; end of _timer_routin
_PWM1_Set_Duty:
;__Lib_PWM_c21.c,42 :: 		
;__Lib_PWM_c21.c,46 :: 		
0x0142	0x50CB      	MOVF        PR2, 0 
0x0144	0x0F01      	ADDLW       1
0x0146	0x6E00      	MOVWF       R0 
0x0148	0x6A01      	CLRF        R1 
0x014A	0x0E00      	MOVLW       0
0x014C	0x2201      	ADDWFC      R1, 1 
0x014E	0xF004C053  	MOVFF       FARG_PWM1_Set_Duty_new_duty, R4
0x0152	0x0E00      	MOVLW       0
0x0154	0x6E05      	MOVWF       R5 
0x0156	0xDFBF      	RCALL       _Mul_16X16_U
0x0158	0x0E06      	MOVLW       6
0x015A	0x6E02      	MOVWF       R2 
0x015C	0xF004C000  	MOVFF       R0, R4
0x0160	0xF005C001  	MOVFF       R1, R5
0x0164	0x5002      	MOVF        R2, 0 
L__PWM1_Set_Duty10:
0x0166	0xE005      	BZ          L__PWM1_Set_Duty11
0x0168	0x3205      	RRCF        R5, 1 
0x016A	0x3204      	RRCF        R4, 1 
0x016C	0x9E05      	BCF         R5, 7 
0x016E	0x0FFF      	ADDLW       255
0x0170	0xD7FA      	BRA         L__PWM1_Set_Duty10
L__PWM1_Set_Duty11:
;__Lib_PWM_c21.c,47 :: 		
0x0172	0x0E04      	MOVLW       4
0x0174	0x6E01      	MOVWF       R1 
0x0176	0xF000C004  	MOVFF       R4, R0
0x017A	0x5001      	MOVF        R1, 0 
L__PWM1_Set_Duty12:
0x017C	0xE004      	BZ          L__PWM1_Set_Duty13
0x017E	0x3600      	RLCF        R0, 1 
0x0180	0x9000      	BCF         R0, 0 
0x0182	0x0FFF      	ADDLW       255
0x0184	0xD7FB      	BRA         L__PWM1_Set_Duty12
L__PWM1_Set_Duty13:
0x0186	0x0E30      	MOVLW       48
0x0188	0x1400      	ANDWF       R0, 0 
0x018A	0x6E03      	MOVWF       R3 
;__Lib_PWM_c21.c,48 :: 		
0x018C	0xF000C004  	MOVFF       R4, R0
0x0190	0xF001C005  	MOVFF       R5, R1
0x0194	0x3201      	RRCF        R1, 1 
0x0196	0x3200      	RRCF        R0, 1 
0x0198	0x9E01      	BCF         R1, 7 
0x019A	0x3201      	RRCF        R1, 1 
0x019C	0x3200      	RRCF        R0, 1 
0x019E	0x9E01      	BCF         R1, 7 
0x01A0	0xFFBEC000  	MOVFF       R0, CCPR1L
;__Lib_PWM_c21.c,49 :: 		
0x01A4	0x0E0F      	MOVLW       15
0x01A6	0x16BD      	ANDWF       CCP1CON, 1 
;__Lib_PWM_c21.c,50 :: 		
0x01A8	0x5003      	MOVF        R3, 0 
0x01AA	0x12BD      	IORWF       CCP1CON, 1 
;__Lib_PWM_c21.c,51 :: 		
L_end_PWM1_Set_Duty:
0x01AC	0x0012      	RETURN      0
; end of _PWM1_Set_Duty
___CC2DW:
;__Lib_System.c,21 :: 		
;__Lib_System.c,23 :: 		
_CC2DL_Loop1:
;__Lib_System.c,24 :: 		
0x01AE	0x0009      	TBLRD*+
;__Lib_System.c,25 :: 		
0x01B0	0xFFE6CFF5  	MOVFF       TABLAT, POSTINC1
;__Lib_System.c,26 :: 		
0x01B4	0x0600      	DECF        R0, 1, 0
;__Lib_System.c,27 :: 		
0x01B6	0xE1FB      	BNZ         _CC2DL_Loop1
;__Lib_System.c,28 :: 		
0x01B8	0x0601      	DECF        R1, 1, 0
;__Lib_System.c,29 :: 		
0x01BA	0xE1F9      	BNZ         _CC2DL_Loop1
;__Lib_System.c,31 :: 		
L_end___CC2DW:
0x01BC	0x0012      	RETURN      0
; end of ___CC2DW
_main:
0x01BE	0xF001EC57  	CALL        686, 0
;LINKALICIIki.c,45 :: 		void main() {
;LINKALICIIki.c,46 :: 		ADCON1=0x0F;
0x01C2	0x0E0F      	MOVLW       15
0x01C4	0x6EC1      	MOVWF       ADCON1 
;LINKALICIIki.c,47 :: 		CMCON=7;
0x01C6	0x0E07      	MOVLW       7
0x01C8	0x6EB4      	MOVWF       CMCON 
;LINKALICIIki.c,48 :: 		TRISB=0x01;
0x01CA	0x0E01      	MOVLW       1
0x01CC	0x6E93      	MOVWF       TRISB 
;LINKALICIIki.c,49 :: 		PORTB.F6=0;
0x01CE	0x9C81      	BCF         PORTB, 6 
;LINKALICIIki.c,50 :: 		PORTB.F5=0;
0x01D0	0x9A81      	BCF         PORTB, 5 
;LINKALICIIki.c,51 :: 		PORTB.F4=0;
0x01D2	0x9881      	BCF         PORTB, 4 
;LINKALICIIki.c,52 :: 		PORTB.F3=0;
0x01D4	0x9681      	BCF         PORTB, 3 
;LINKALICIIki.c,53 :: 		T0CON=0xC1;
0x01D6	0x0EC1      	MOVLW       193
0x01D8	0x6ED5      	MOVWF       T0CON 
;LINKALICIIki.c,54 :: 		TMR0L=0;
0x01DA	0x6AD6      	CLRF        TMR0L 
;LINKALICIIki.c,55 :: 		INTCON.GIE=1;
0x01DC	0x8EF2      	BSF         INTCON, 7 
;LINKALICIIki.c,56 :: 		INTCON.PEIE=1;
0x01DE	0x8CF2      	BSF         INTCON, 6 
;LINKALICIIki.c,57 :: 		INTCON.TMR0IE=1;
0x01E0	0x8AF2      	BSF         INTCON, 5 
;LINKALICIIki.c,58 :: 		INTCON.INT0IE=1;
0x01E2	0x88F2      	BSF         INTCON, 4 
;LINKALICIIki.c,59 :: 		INTCON.TMR0IF=0;
0x01E4	0x94F2      	BCF         INTCON, 2 
;LINKALICIIki.c,60 :: 		INTCON.INT0IF=0;
0x01E6	0x92F2      	BCF         INTCON, 1 
;LINKALICIIki.c,61 :: 		INTCON2.RBPU=1; // DISABLE PULUP REGISTER
0x01E8	0x8EF1      	BSF         INTCON2, 7 
;LINKALICIIki.c,62 :: 		INTCON2.INTEDG0=0;
0x01EA	0x9CF1      	BCF         INTCON2, 6 
;LINKALICIIki.c,63 :: 		while(1){
L_main10:
;LINKALICIIki.c,64 :: 		if(val[7]==val[0]){
0x01EC	0x503D      	MOVF        _val+7, 0 
0x01EE	0x1836      	XORWF       _val, 0 
0x01F0	0xE102      	BNZ         L_main12
;LINKALICIIki.c,65 :: 		txt[7]=val[7];
0x01F2	0xF046C03D  	MOVFF       _val+7, _txt+7
;LINKALICIIki.c,66 :: 		}
L_main12:
;LINKALICIIki.c,67 :: 		if(val[6]==val[1]){
0x01F6	0x503C      	MOVF        _val+6, 0 
0x01F8	0x1837      	XORWF       _val+1, 0 
0x01FA	0xE102      	BNZ         L_main13
;LINKALICIIki.c,68 :: 		txt[6]=val[6];
0x01FC	0xF045C03C  	MOVFF       _val+6, _txt+6
;LINKALICIIki.c,69 :: 		}
L_main13:
;LINKALICIIki.c,70 :: 		if(val[5]==val[2]){
0x0200	0x503B      	MOVF        _val+5, 0 
0x0202	0x1838      	XORWF       _val+2, 0 
0x0204	0xE102      	BNZ         L_main14
;LINKALICIIki.c,71 :: 		txt[5]=val[5];
0x0206	0xF044C03B  	MOVFF       _val+5, _txt+5
;LINKALICIIki.c,72 :: 		}
L_main14:
;LINKALICIIki.c,73 :: 		if(val[4]==val[3]){
0x020A	0x503A      	MOVF        _val+4, 0 
0x020C	0x1839      	XORWF       _val+3, 0 
0x020E	0xE102      	BNZ         L_main15
;LINKALICIIki.c,74 :: 		txt[4]=val[4];
0x0210	0xF043C03A  	MOVFF       _val+4, _txt+4
;LINKALICIIki.c,75 :: 		}
L_main15:
;LINKALICIIki.c,76 :: 		if(txt[4]=='0' && txt[5]=='0' && txt[6]=='0' && txt[7]=='1') {
0x0214	0x5043      	MOVF        _txt+4, 0 
0x0216	0x0A30      	XORLW       48
0x0218	0xE10B      	BNZ         L_main18
0x021A	0x5044      	MOVF        _txt+5, 0 
0x021C	0x0A30      	XORLW       48
0x021E	0xE108      	BNZ         L_main18
0x0220	0x5045      	MOVF        _txt+6, 0 
0x0222	0x0A30      	XORLW       48
0x0224	0xE105      	BNZ         L_main18
0x0226	0x5046      	MOVF        _txt+7, 0 
0x0228	0x0A31      	XORLW       49
0x022A	0xE102      	BNZ         L_main18
L__main28:
;LINKALICIIki.c,78 :: 		PORTB.F4=0;
0x022C	0x9881      	BCF         PORTB, 4 
;LINKALICIIki.c,79 :: 		PORTB.F3=0;
0x022E	0x9681      	BCF         PORTB, 3 
;LINKALICIIki.c,80 :: 		}
L_main18:
;LINKALICIIki.c,81 :: 		if(txt[4]=='0' && txt[5]=='0' && txt[6]=='1' && txt[7]=='0') {
0x0230	0x5043      	MOVF        _txt+4, 0 
0x0232	0x0A30      	XORLW       48
0x0234	0xE10C      	BNZ         L_main21
0x0236	0x5044      	MOVF        _txt+5, 0 
0x0238	0x0A30      	XORLW       48
0x023A	0xE109      	BNZ         L_main21
0x023C	0x5045      	MOVF        _txt+6, 0 
0x023E	0x0A31      	XORLW       49
0x0240	0xE106      	BNZ         L_main21
0x0242	0x5046      	MOVF        _txt+7, 0 
0x0244	0x0A30      	XORLW       48
0x0246	0xE103      	BNZ         L_main21
L__main27:
;LINKALICIIki.c,83 :: 		PORTB.F4=0;
0x0248	0x9881      	BCF         PORTB, 4 
;LINKALICIIki.c,84 :: 		PORTB.F3=1;
0x024A	0x8681      	BSF         PORTB, 3 
;LINKALICIIki.c,85 :: 		}
0x024C	0xD002      	BRA         L_main22
L_main21:
;LINKALICIIki.c,89 :: 		PORTB.F4=1;
0x024E	0x8881      	BSF         PORTB, 4 
;LINKALICIIki.c,90 :: 		PORTB.F3=0;
0x0250	0x9681      	BCF         PORTB, 3 
;LINKALICIIki.c,91 :: 		}
L_main22:
;LINKALICIIki.c,92 :: 		if(PORTA.F2) if (duty_cycle_orani < 255) duty_cycle_orani++;
0x0252	0xA480      	BTFSS       PORTA, 2 
0x0254	0xD004      	BRA         L_main23
0x0256	0x0EFF      	MOVLW       255
0x0258	0x5C48      	SUBWF       _duty_cycle_orani, 0 
0x025A	0xA0D8      	BTFSS       STATUS, 0 
0x025C	0x2A48      	INCF        _duty_cycle_orani, 1 
L_main24:
L_main23:
;LINKALICIIki.c,93 :: 		if(PORTA.F3) if (duty_cycle_orani > 0  ) duty_cycle_orani--;
0x025E	0xA680      	BTFSS       PORTA, 3 
0x0260	0xD004      	BRA         L_main25
0x0262	0x5048      	MOVF        _duty_cycle_orani, 0 
0x0264	0x0800      	SUBLW       0
0x0266	0xA0D8      	BTFSS       STATUS, 0 
0x0268	0x0648      	DECF        _duty_cycle_orani, 1 
L_main26:
L_main25:
;LINKALICIIki.c,94 :: 		PWM1_Set_Duty(duty_cycle_orani);
0x026A	0xF053C048  	MOVFF       _duty_cycle_orani, FARG_PWM1_Set_Duty_new_duty
0x026E	0xDF69      	RCALL       _PWM1_Set_Duty
;LINKALICIIki.c,95 :: 		}
0x0270	0xD7BD      	BRA         L_main10
;LINKALICIIki.c,96 :: 		}
L_end_main:
0x0272	0xD7FF      	BRA         $+0
; end of _main
0x02AE	0xF016EE10  	LFSR        1, 22
0x02B2	0x0E39      	MOVLW       57
0x02B4	0x6E00      	MOVWF       R0 
0x02B6	0x0E01      	MOVLW       1
0x02B8	0x6E01      	MOVWF       R1 
0x02BA	0x0E74      	MOVLW       116
0x02BC	0x6EF6      	MOVWF       TBLPTR 
0x02BE	0x0E02      	MOVLW       2
0x02C0	0x6EF7      	MOVWF       TBLPTRH 
0x02C2	0x0E00      	MOVLW       0
0x02C4	0x6EF8      	MOVWF       TBLPTRU 
0x02C6	0xF000ECD7  	CALL        430, 0
0x02CA	0x0012      	RETURN      0
;__Lib_FT5XX6.c,0 :: ?ICS__Lib_FT5XX6_OrientPrototype0
0x0274	0x0052 ;?ICS__Lib_FT5XX6_OrientPrototype0+0
0x0276	0x0051 ;?ICS__Lib_FT5XX6_OrientPrototype0+2
0x0278	0x0050 ;?ICS__Lib_FT5XX6_OrientPrototype0+4
0x027A	0x004F ;?ICS__Lib_FT5XX6_OrientPrototype0+6
; end of ?ICS__Lib_FT5XX6_OrientPrototype0
;__Lib_FT5XX6.c,0 :: ?ICS__Lib_FT5XX6_OrientPrototype1
0x027C	0x004F ;?ICS__Lib_FT5XX6_OrientPrototype1+0
0x027E	0x0052 ;?ICS__Lib_FT5XX6_OrientPrototype1+2
0x0280	0x0051 ;?ICS__Lib_FT5XX6_OrientPrototype1+4
0x0282	0x0050 ;?ICS__Lib_FT5XX6_OrientPrototype1+6
; end of ?ICS__Lib_FT5XX6_OrientPrototype1
;__Lib_FT5XX6.c,0 :: ?ICS__Lib_FT5XX6_OrientPrototype3
0x0284	0x0051 ;?ICS__Lib_FT5XX6_OrientPrototype3+0
0x0286	0x0050 ;?ICS__Lib_FT5XX6_OrientPrototype3+2
0x0288	0x004F ;?ICS__Lib_FT5XX6_OrientPrototype3+4
0x028A	0x0052 ;?ICS__Lib_FT5XX6_OrientPrototype3+6
; end of ?ICS__Lib_FT5XX6_OrientPrototype3
;__Lib_FT5XX6.c,0 :: ?ICS__Lib_FT5XX6_OrientPrototype2
0x028C	0x0050 ;?ICS__Lib_FT5XX6_OrientPrototype2+0
0x028E	0x004F ;?ICS__Lib_FT5XX6_OrientPrototype2+2
0x0290	0x0052 ;?ICS__Lib_FT5XX6_OrientPrototype2+4
0x0292	0x0051 ;?ICS__Lib_FT5XX6_OrientPrototype2+6
; end of ?ICS__Lib_FT5XX6_OrientPrototype2
;LINKALICIIki.c,0 :: ?ICS_val
0x0294	0x2E2E ;?ICS_val+0
0x0296	0x2E2E ;?ICS_val+2
0x0298	0x2E2E ;?ICS_val+4
0x029A	0x2E2E ;?ICS_val+6
0x029C	0x00 ;?ICS_val+8
; end of ?ICS_val
;LINKALICIIki.c,0 :: ?ICS_txt
0x029D	0x2E2E ;?ICS_txt+0
0x029F	0x2E2E ;?ICS_txt+2
0x02A1	0x2E2E ;?ICS_txt+4
0x02A3	0x2E2E ;?ICS_txt+6
0x02A5	0x00 ;?ICS_txt+8
; end of ?ICS_txt
;LINKALICIIki.c,0 :: ?ICS_duty_cycle_orani
0x02A6	0x80 ;?ICS_duty_cycle_orani+0
; end of ?ICS_duty_cycle_orani
;LINKALICIIki.c,0 :: ?ICS_xr
0x02A7	0x0000 ;?ICS_xr+0
; end of ?ICS_xr
;LINKALICIIki.c,0 :: ?ICS_i
0x02A9	0x0007 ;?ICS_i+0
; end of ?ICS_i
;LINKALICIIki.c,0 :: ?ICS_count
0x02AB	0x0000 ;?ICS_count+0
; end of ?ICS_count
Symbol List:
//** Routines locations **
//ADDRESS    SIZE    PROCEDURE
//----------------------------------------------
0x0008     [206]    _interrupt
0x00D6      [80]    _Mul_16X16_U
0x0126      [28]    _timer_routin
0x0142     [108]    _PWM1_Set_Duty
0x01AE      [16]    ___CC2DW
0x01BE     [182]    _main
//** Variables locations ** 
//ADDRESS    SIZE    VARIABLE
//----------------------------------------------
0x0000       [1]    FLASH_Erase_64_SaveINTCON_L0
0x0000       [1]    R0
0x0000       [1]    UART1_Init_tmp_L0
0x0000       [1]    __Lib_SoftI2C_PutZerosToLATScl_temp_scl_L0
0x0000       [1]    __Lib_SoftI2C_PutZerosToLATSda_temp_sda_L0
0x0000       [1]    SPI1_Write_tmp_L0
0x0000       [1]    EEPROM_Write_SaveINTCON_L0
0x0001       [1]    __Lib_PS2_Wait_Falling_nsample_L0
0x0001       [1]    __Lib_TFT_JPEG_FileRead_i_L0
0x0001       [1]    __Lib_TFT_JPEG_FileReadBytes_Result_L0
0x0001       [1]    ispunct_rslt_L0
0x0001       [1]    FLASH_Write_32_i_L0
0x0001       [2]    FLASH_Read_N_Bytes_i_L0
0x0001       [1]    R1
0x0001       [1]    __Lib_Conversions_Adjust_Hex_tmp_L0
0x0001       [1]    UART1_Read___tmp_UART1_Read_L0
0x0001       [1]    FLASH_Erase_Write_64_i_L0
0x0001       [1]    __Lib_USB_genHID_?FLOC____Lib_USB_genHID_USB_Handle_BusyT1
0x0001       [1]    __Lib_TFT_16bit_JPEG_FileRead_i_L0
0x0001       [1]    __Lib_TFT_16bit_JPEG_FileReadBytes_Result_L0
0x0002       [2]    memcpy_dd_L0
0x0002       [2]    FT5XX6_GetGestureIndex_i_L0
0x0002       [1]    FLASH_Erase_Write_64_j_L0
0x0002       [2]    memchr_s_L0
0x0002       [1]    __Lib_USB_genHID_USB_CtrlTrf_Rx_Service_byteToRead_L0
0x0002       [1]    FLASH_Write_32_SaveINTCON_L0
0x0002       [2]    memset_pp_L0
0x0002       [2]    strlen_cp_L0
0x0002       [1]    R2
0x0003       [1]    MM_Init_i_L0
0x0003       [2]    MM_TotalFreeMemSize_Tot_L0
0x0003       [2]    __Lib_MmcFat16_f16_toInt_l_L0
0x0003       [1]    FLASH_Erase_Write_64_SaveINTCON_L0
0x0003       [2]    memmove_tt_L0
0x0003       [1]    __Lib_USB_genHID_USB_CtrlTrf_Rx_Service_i_L0
0x0003       [2]    __Lib_USB_genHID_USB_CtrlTrf_Tx_Service_byteToSend_L0
0x0003       [1]    __Lib_Sprinti_?FLOC____Lib_Sprinti_Do_FillT29
0x0003       [1]    R3
0x0003       [2]    Ltrim_original_L0
0x0004       [1]    __Lib_Sprinti_?FLOC____Lib_Sprinti_Do_FillT40
0x0004       [2]    strncat_cp_L0
0x0004       [2]    memcpy_ss_L0
0x0004       [2]    __Lib_USB_genHID_USB_Transfer_Packet_handle_L0
0x0004       [2]    __Lib_MemManager_MM_GetMemAlign_P_L0
0x0004       [2]    strcpy_cp_L0
0x0004       [2]    __Lib_USB_genHID_USB_Get_Status_Handler_p_L2
0x0004       [1]    __Lib_USB_genHID_GetMaxIndexInDevDsc_index_L0
0x0004       [2]    frexp_pom_L0
0x0004       [2]    __Lib_USB_genHID_USB_Std_Feature_Req_Handler_p_L0
0x0004       [2]    strcat_cp_L0
0x0004       [2]    strncpy_cp_L0
0x0004       [1]    R4
0x0005       [2]    LongWordToHex_input_half_L0
0x0005       [1]    MM_TotalFreeMemSize_i_L0
0x0005       [1]    __Lib_Sprinti_?FLOC____Lib_Sprinti_Do_FillT54
0x0005       [2]    memmove_ff_L0
0x0005       [1]    R5
0x0005       [2]    Ltrim_p_L0
0x0005       [2]    LongIntToHex_input_half_L0
0x0006       [2]    __Lib_USB_genHID_GetMaxIndexInConfigDsc_totalLen_L0
0x0006       [1]    R6
0x0006       [1]    __Lib_MemManager_MM_GetMemAlign_i_L0
0x0006       [1]    __Lib_Sprinti_?FLOC____Lib_Sprinti_Do_FillT69
0x0007       [1]    R7
0x0007       [1]    __Lib_TFT_16bit_JPEG_GenerateHuffmanTables_bLength_L0
0x0007       [1]    __Lib_TFT_JPEG_GenerateHuffmanTables_bLength_L0
0x0008       [1]    __Lib_TFT_JPEG_GenerateHuffmanTables_bTable_L0
0x0008       [1]    __Lib_TFT_16bit_JPEG_GenerateHuffmanTables_bTable_L0
0x0008       [3]    __Lib_USB_genHID_GetMaxIndexInConfigDsc_ptr_L0
0x0008       [1]    R8
0x0009       [1]    R9
0x0009       [4]    __Lib_MmcFat16_f16_toLong_l_L0
0x000A       [1]    R10
0x000B       [1]    R11
0x000C       [1]    R12
0x000D       [1]    R13
0x000E       [1]    R14
0x000F       [1]    R15
0x0010       [1]    R16
0x0011       [1]    R17
0x0012       [1]    R18
0x0013       [1]    R19
0x0014       [1]    R20
0x0016       [8]    __Lib_FT5XX6_OrientPrototype0
0x001E       [8]    __Lib_FT5XX6_OrientPrototype1
0x0026       [8]    __Lib_FT5XX6_OrientPrototype3
0x002E       [8]    __Lib_FT5XX6_OrientPrototype2
0x0036       [9]    _val
0x003F       [9]    _txt
0x0048       [1]    _duty_cycle_orani
0x0049       [2]    _xr
0x004B       [2]    _i
0x004D       [2]    _count
0x004F       [1]    _ft5xx6_gest_move_left
0x0050       [1]    _ft5xx6_gest_move_down
0x0051       [1]    _ft5xx6_gest_move_right
0x0052       [1]    _ft5xx6_gest_move_up
0x0053       [1]    FARG_PWM1_Set_Duty_new_duty
0x0F80       [1]    PORTA
0x0F81       [1]    PORTB
0x0F93       [1]    TRISB
0x0FB4       [1]    CMCON
0x0FBD       [1]    CCP1CON
0x0FBE       [1]    CCPR1L
0x0FC1       [1]    ADCON1
0x0FCB       [1]    PR2
0x0FD5       [1]    T0CON
0x0FD6       [1]    TMR0L
0x0FD8       [1]    STATUS
0x0FD9       [1]    FSR2L
0x0FDA       [1]    FSR2H
0x0FDE       [1]    POSTINC2
0x0FE0       [1]    BSR
0x0FE1       [1]    FSR1L
0x0FE2       [1]    FSR1H
0x0FE4       [1]    PREINC1
0x0FE6       [1]    POSTINC1
0x0FE7       [1]    INDF1
0x0FE8       [1]    WREG
0x0FE9       [1]    FSR0L
0x0FEA       [1]    FSR0H
0x0FEE       [1]    POSTINC0
0x0FF1       [1]    INTCON2
0x0FF2       [1]    INTCON
0x0FF3       [1]    PRODL
0x0FF4       [1]    PRODH
0x0FF5       [1]    TABLAT
0x0FF6       [1]    TBLPTRL
0x0FF6       [3]    TBLPTR
0x0FF7       [1]    TBLPTRH
0x0FF8       [1]    TBLPTRU
//** Constants locations ** 
//ADDRESS    SIZE    CONSTANT
//----------------------------------------------
0x0274       [8]    ?ICS__Lib_FT5XX6_OrientPrototype0
0x027C       [8]    ?ICS__Lib_FT5XX6_OrientPrototype1
0x0284       [8]    ?ICS__Lib_FT5XX6_OrientPrototype3
0x028C       [8]    ?ICS__Lib_FT5XX6_OrientPrototype2
0x0294       [9]    ?ICS_val
0x029D       [9]    ?ICS_txt
0x02A6       [1]    ?ICS_duty_cycle_orani
0x02A7       [2]    ?ICS_xr
0x02A9       [2]    ?ICS_i
0x02AB       [2]    ?ICS_count
